BUILD: Computing Include file dependencies:
BUILD: Examining i:\works\ibm-keyboard\nt\src directory for files to compile.
BUILD: i:\works\ibm-keyboard\nt\src\ctrl2cap.c: cannot find include file "ntddk.h"
Compiling i:\works\ibm-keyboard\nt\src directory ********************
'nmake.exe /c BUILDMSG=Stop. -i NTTEST= UMTEST= NOLINK=1 NOPASS0=1 386=1'
cl -nologo -Ii386\ -I. -IF:\DDK\inc -IF:\DDK\inc -IF:\DDK\inc -D_X86_=1 -Di386=1  -DSTD_CALL -DCONDITION_HANDLING=1 -DNT_UP=1  -DNT_INST=0 -DWIN32=100 -D_NT1X_=100 -DWINNT=1 -D_WIN32_WINNT=0x0400    -DWIN32_LEAN_AND_MEAN=1 -DDEVL=1 -DFPO=1    -DNDEBUG -D_DLL=1 -D_IDWBUILD    /c /Zel /Zp8 /Gy -cbstring /W3 /Gz  /QIfdiv- /QIf  /Gi- /Gm- /GX- /GR- /GF   /Oxs /Oy   -FIF:\DDK\inc\warning.h  .\ctrl2cap.c
ctrl2cap.c

Stop. 
Linking i:\works\ibm-keyboard\nt\src directory ********************
'nmake.exe /c BUILDMSG=Stop. -i LINKONLY=1 NOPASS0=1 NTTEST= UMTEST= 386=1'
	link -out:F:\DDK\lib\i386\free\ctrl2cap.sys -machine:i386 @E:\TEMP\nma00179.
Microsoft (R) 32-Bit Incremental Linker Version 4.20.6164
Copyright (C) Microsoft Corp 1992-1996. All rights reserved.

-MERGE:_PAGE=PAGE 
-MERGE:_TEXT=.text 
-SECTION:INIT,d 
-OPT:REF 
-INCREMENTAL:NO 
-FORCE:MULTIPLE 
-RELEASE 
-FULLBUILD 
-IGNORE:4001,4037,4039,4065,4070,4078,4087,4089,4096 
-NODEFAULTLIB 
-debug:notmapped,MINIMAL 
-debugtype:coff 
-version:4.00 
-osversion:4.00 
-PDB:NONE 
-MERGE:.rdata=.text 
-optidata 
-driver 
-align:0x20 
-subsystem:native,4.00 
-base:0x10000 
-entry:DriverEntry@8 
-out:F:\DDK\lib\i386\free\ctrl2cap.sys 
obj\i386\ctrl2cap.obj 
F:\DDK\lib\i386\free\int64.lib 
F:\DDK\lib\i386\free\ntoskrnl.lib 
F:\DDK\lib\i386\free\hal.lib 

Stop. 
